Determining if the pthread_create exist failed with the following output:
Change Dir: /home/lina/RoboRock/project/Scruber/uwb-localization/src/cmake-build-debug/CMakeFiles/CMakeTmp

Run Build Command:"/usr/bin/make" "cmTC_62836/fast"
/usr/bin/make -f CMakeFiles/cmTC_62836.dir/build.make CMakeFiles/cmTC_62836.dir/build
make[1]: Entering directory '/home/lina/RoboRock/project/Scruber/uwb-localization/src/cmake-build-debug/CMakeFiles/CMakeTmp'
Building C object CMakeFiles/cmTC_62836.dir/CheckSymbolExists.c.o
/usr/bin/cc    -o CMakeFiles/cmTC_62836.dir/CheckSymbolExists.c.o   -c /home/lina/RoboRock/project/Scruber/uwb-localization/src/cmake-build-debug/CMakeFiles/CMakeTmp/CheckSymbolExists.c
Linking C executable cmTC_62836
/home/lina/SoftWare/CLion-2018.2.7/clion-2018.2.7/bin/cmake/linux/bin/cmake -E cmake_link_script CMakeFiles/cmTC_62836.dir/link.txt --verbose=1
/usr/bin/cc      -rdynamic CMakeFiles/cmTC_62836.dir/CheckSymbolExists.c.o  -o cmTC_62836 
CMakeFiles/cmTC_62836.dir/CheckSymbolExists.c.o: In function `main':
CheckSymbolExists.c:(.text+0x1b): undefined reference to `pthread_create'
collect2: error: ld returned 1 exit status
CMakeFiles/cmTC_62836.dir/build.make:86: recipe for target 'cmTC_62836' failed
make[1]: *** [cmTC_62836] Error 1
make[1]: Leaving directory '/home/lina/RoboRock/project/Scruber/uwb-localization/src/cmake-build-debug/CMakeFiles/CMakeTmp'
Makefile:121: recipe for target 'cmTC_62836/fast' failed
make: *** [cmTC_62836/fast] Error 2

File /home/lina/RoboRock/project/Scruber/uwb-localization/src/cmake-build-debug/CMakeFiles/CMakeTmp/CheckSymbolExists.c:
/* */
#include <pthread.h>

int main(int argc, char** argv)
{
  (void)argv;
#ifndef pthread_create
  return ((int*)(&pthread_create))[argc];
#else
  (void)argc;
  return 0;
#endif
}

Determining if the function pthread_create exists in the pthreads failed with the following output:
Change Dir: /home/lina/RoboRock/project/Scruber/uwb-localization/src/cmake-build-debug/CMakeFiles/CMakeTmp

Run Build Command:"/usr/bin/make" "cmTC_18324/fast"
/usr/bin/make -f CMakeFiles/cmTC_18324.dir/build.make CMakeFiles/cmTC_18324.dir/build
make[1]: Entering directory '/home/lina/RoboRock/project/Scruber/uwb-localization/src/cmake-build-debug/CMakeFiles/CMakeTmp'
Building C object CMakeFiles/cmTC_18324.dir/CheckFunctionExists.c.o
/usr/bin/cc   -DCHECK_FUNCTION_EXISTS=pthread_create   -o CMakeFiles/cmTC_18324.dir/CheckFunctionExists.c.o   -c /home/lina/SoftWare/CLion-2018.2.7/clion-2018.2.7/bin/cmake/linux/share/cmake-3.12/Modules/CheckFunctionExists.c
Linking C executable cmTC_18324
/home/lina/SoftWare/CLion-2018.2.7/clion-2018.2.7/bin/cmake/linux/bin/cmake -E cmake_link_script CMakeFiles/cmTC_18324.dir/link.txt --verbose=1
/usr/bin/cc  -DCHECK_FUNCTION_EXISTS=pthread_create    -rdynamic CMakeFiles/cmTC_18324.dir/CheckFunctionExists.c.o  -o cmTC_18324 -lpthreads 
/usr/bin/ld: cannot find -lpthreads
collect2: error: ld returned 1 exit status
CMakeFiles/cmTC_18324.dir/build.make:86: recipe for target 'cmTC_18324' failed
make[1]: *** [cmTC_18324] Error 1
make[1]: Leaving directory '/home/lina/RoboRock/project/Scruber/uwb-localization/src/cmake-build-debug/CMakeFiles/CMakeTmp'
Makefile:121: recipe for target 'cmTC_18324/fast' failed
make: *** [cmTC_18324/fast] Error 2


